<?xml version="1.0" encoding="UTF-8"?>
<!-- Generated by org.testng.reporters.JUnitXMLReporter -->
<testsuite hostname="abdelhadis-MBP.fritz.box" ignored="2" name="Surefire test" tests="4" failures="0" timestamp="20 May 2021 22:46:34 GMT" time="23.39" errors="0">
  <testcase name="verify001AddisSavedAndAppearOnList" time="0.778" classname="mcmakler.VerifyAddNewAdWithValidDataTest"/>
  <testcase name="verify002AddisSavedAgainstAPI" time="3.6" classname="mcmakler.VerifyAddNewAdWithValidDataTest"/>
  <testcase name="verify001EditisSavedAndAppearOnList" time="0.823" classname="mcmakler.VerifyEditAdWithValidDataTest"/>
  <testcase name="verify002EditisSavedAgainstAPI" time="1.731" classname="mcmakler.VerifyEditAdWithValidDataTest"/>
  <testcase name="@AfterSuite calledAfterTestSuite" time="0.0" classname="mcmakler.test.base.BaseClass">
    <ignored/>
  </testcase> <!-- @AfterSuite calledAfterTestSuite -->
  <testcase name="@BeforeSuite setupEnvironment" time="0.0" classname="mcmakler.test.base.BaseClass">
    <ignored/>
  </testcase> <!-- @BeforeSuite setupEnvironment -->
</testsuite> <!-- Surefire test -->
