<?xml version="1.0" encoding="UTF-8"?>
<!-- Generated by org.testng.reporters.JUnitXMLReporter -->
<testsuite ignored="0" hostname="abdelhadis-MBP.home" failures="0" tests="2" name="Default test" time="12.769" errors="0" timestamp="2021-05-20T22:55:40 CEST">
  <testcase classname="mcmakler.VerifyAddNewAdWithValidData" name="verify001AddisSavedAndAppearOnList" time="2.52"/>
  <testcase classname="mcmakler.VerifyAddNewAdWithValidData" name="verify002AddisSavedAgainstAPI" time="3.486"/>
</testsuite> <!-- Default test -->
