<?xml version="1.0" encoding="UTF-8"?>
<testsuite xmlns:xsi="http://www.w3.org/2001/XMLSchema-instance" xsi:noNamespaceSchemaLocation="https://maven.apache.org/surefire/maven-surefire-plugin/xsd/surefire-test-report-3.0.xsd" version="3.0" name="TestSuite" time="24.433" tests="4" errors="0" skipped="0" failures="0">
  <properties>
[...]
</properties>
  <testcase name="verify001AddisSavedAndAppearOnList" classname="mcmakler.VerifyAddNewAdWithValidDataTest" time="0.778"/>
  <testcase name="verify002AddisSavedAgainstAPI" classname="mcmakler.VerifyAddNewAdWithValidDataTest" time="3.599"/>
  <testcase name="verify001EditisSavedAndAppearOnList" classname="mcmakler.VerifyEditAdWithValidDataTest" time="0.823"/>
  <testcase name="verify002EditisSavedAgainstAPI" classname="mcmakler.VerifyEditAdWithValidDataTest" time="1.732"/>
</testsuite>