<?xml version="1.0" encoding="UTF-8"?>
<testng-results ignored="0" total="2" passed="2" failed="0" skipped="0">
  <reporter-output>
  </reporter-output>
  <suite started-at="2021-05-20T22:55:28 CEST" name="Default suite" finished-at="2021-05-20T22:55:40 CEST" duration-ms="12769">
    <groups>
    </groups>
    <test started-at="2021-05-20T22:55:28 CEST" name="Default test" finished-at="2021-05-20T22:55:40 CEST" duration-ms="12769">
      <class name="mcmakler.VerifyAddNewAdWithValidData">
        <test-method is-config="true" signature="setupEnvironment()[pri:0, instance:mcmakler.VerifyAddNewAdWithValidData@1e63ec0b]" started-at="2021-05-20T22:55:27 CEST" name="setupEnvironment" finished-at="2021-05-20T22:55:28 CEST" duration-ms="10" status="PASS">
          <reporter-output>
          </reporter-output>
        </test-method> <!-- setupEnvironment -->
        <test-method is-config="true" signature="setupDriver()[pri:0, instance:mcmakler.VerifyAddNewAdWithValidData@1e63ec0b]" started-at="2021-05-20T22:55:28 CEST" name="setupDriver" finished-at="2021-05-20T22:55:31 CEST" duration-ms="3551" status="PASS">
          <reporter-output>
          </reporter-output>
        </test-method> <!-- setupDriver -->
        <test-method is-config="true" signature="actionLaunchLoginPage()[pri:0, instance:mcmakler.VerifyAddNewAdWithValidData@1e63ec0b]" started-at="2021-05-20T22:55:31 CEST" name="actionLaunchLoginPage" finished-at="2021-05-20T22:55:33 CEST" duration-ms="1634" status="PASS">
          <reporter-output>
          </reporter-output>
        </test-method> <!-- actionLaunchLoginPage -->
        <test-method is-config="true" signature="addNewAd()[pri:0, instance:mcmakler.VerifyAddNewAdWithValidData@1e63ec0b]" started-at="2021-05-20T22:55:33 CEST" name="addNewAd" finished-at="2021-05-20T22:55:34 CEST" duration-ms="1302" status="PASS">
          <reporter-output>
          </reporter-output>
        </test-method> <!-- addNewAd -->
        <test-method signature="verify001AddisSavedAndAppearOnList()[pri:0, instance:mcmakler.VerifyAddNewAdWithValidData@1e63ec0b]" started-at="2021-05-20T22:55:34 CEST" name="verify001AddisSavedAndAppearOnList" finished-at="2021-05-20T22:55:37 CEST" duration-ms="2520" status="PASS">
          <reporter-output>
          </reporter-output>
        </test-method> <!-- verify001AddisSavedAndAppearOnList -->
        <test-method signature="verify002AddisSavedAgainstAPI()[pri:0, instance:mcmakler.VerifyAddNewAdWithValidData@1e63ec0b]" started-at="2021-05-20T22:55:37 CEST" name="verify002AddisSavedAgainstAPI" finished-at="2021-05-20T22:55:40 CEST" duration-ms="3486" status="PASS">
          <reporter-output>
          </reporter-output>
        </test-method> <!-- verify002AddisSavedAgainstAPI -->
        <test-method is-config="true" signature="tearDownDriver()[pri:0, instance:mcmakler.VerifyAddNewAdWithValidData@1e63ec0b]" started-at="2021-05-20T22:55:40 CEST" name="tearDownDriver" finished-at="2021-05-20T22:55:40 CEST" duration-ms="215" status="PASS">
          <reporter-output>
          </reporter-output>
        </test-method> <!-- tearDownDriver -->
        <test-method is-config="true" signature="calledAfterTestSuite()[pri:0, instance:mcmakler.VerifyAddNewAdWithValidData@1e63ec0b]" started-at="2021-05-20T22:55:40 CEST" name="calledAfterTestSuite" finished-at="2021-05-20T22:55:40 CEST" duration-ms="1" status="PASS">
          <reporter-output>
          </reporter-output>
        </test-method> <!-- calledAfterTestSuite -->
      </class> <!-- mcmakler.VerifyAddNewAdWithValidData -->
    </test> <!-- Default test -->
  </suite> <!-- Default suite -->
</testng-results>
